Fungi	Dikarya	Ascomycota
Fungi	Dikarya	Ascomycota
stramenopiles	Bicosoecida	unclassified Bicosoecida	Halocafeteria
Fungi	Dikarya	Ascomycota
Fungi	Dikarya	Ascomycota
Fungi	Dikarya	Ascomycota
Fungi	Dikarya	Ascomycota	Saccharomycotina	Saccharomycetes	Saccharomycetales	Dipodascaceae	Galactomyces
Fungi	Dikarya	Ascomycota
Fungi	Dikarya	Ascomycota
Fungi	Dikarya	Ascomycota
Fungi	Dikarya	Ascomycota	mitosporic Ascomycota	Engyodontium
Fungi	Dikarya	Ascomycota	Saccharomycotina	Saccharomycetes	Saccharomycetales	Dipodascaceae	Galactomyces
Fungi	Dikarya	Ascomycota	Saccharomycotina	Saccharomycetes	Saccharomycetales	Dipodascaceae	Galactomyces
Fungi	Dikarya	Ascomycota	Saccharomycotina	Saccharomycetes	Saccharomycetales	Dipodascaceae	Galactomyces
Fungi	Dikarya	Ascomycota	Saccharomycotina	Saccharomycetes	Saccharomycetales	Dipodascaceae	Galactomyces
Fungi	Dikarya	Ascomycota
Fungi	Dikarya	Basidiomycota	Agaricomycotina	Tremellomycetes	Cystofilobasidiales	Cystofilobasidiaceae	Cystofilobasidium
Fungi	Dikarya	Basidiomycota	Agaricomycotina	Tremellomycetes	Cystofilobasidiales	Cystofilobasidiaceae	Cystofilobasidium
Fungi	Dikarya	Ascomycota
Fungi	Dikarya	Basidiomycota	Agaricomycotina	Tremellomycetes	Cystofilobasidiales	Cystofilobasidiaceae	Cystofilobasidium
Fungi	Dikarya	Ascomycota	Saccharomycotina	Saccharomycetes	Saccharomycetales	Dipodascaceae	Galactomyces
Fungi	Dikarya	Ascomycota
Fungi	Dikarya	Ascomycota
Fungi	Dikarya	Ascomycota
Fungi	Dikarya	Ascomycota
Fungi	Dikarya	Ascomycota
Fungi	Dikarya	Ascomycota
Fungi	Dikarya	Ascomycota
Fungi	Dikarya	Basidiomycota	Agaricomycotina	Tremellomycetes	Cystofilobasidiales	Cystofilobasidiaceae	Cystofilobasidium
Fungi	Dikarya	Basidiomycota	Agaricomycotina	Tremellomycetes	Cystofilobasidiales	Cystofilobasidiaceae	Cystofilobasidium
Fungi	Dikarya	Ascomycota	Saccharomycotina	Saccharomycetes	Saccharomycetales	Dipodascaceae	Galactomyces
Fungi	Dikarya	Ascomycota	Saccharomycotina	Saccharomycetes	Saccharomycetales	Dipodascaceae	Galactomyces
Fungi	Dikarya	Basidiomycota	Agaricomycotina	Tremellomycetes	Cystofilobasidiales	Cystofilobasidiaceae	Cystofilobasidium
Euglenozoa	Kinetoplastida	Bodonidae	Dimastigella
Fungi	Dikarya	Ascomycota
Fungi	Dikarya	Ascomycota
Fungi	Dikarya	Ascomycota
Fungi	Dikarya	Ascomycota	Saccharomycotina	Saccharomycetes	Saccharomycetales	Dipodascaceae	Galactomyces
Fungi	Dikarya	Ascomycota
Fungi	Dikarya	Ascomycota
environmental-samples
Fungi	Dikarya	Ascomycota
Fungi	Dikarya	Ascomycota
Fungi	Dikarya	Ascomycota
Fungi	Dikarya	Ascomycota
Fungi	Dikarya	Ascomycota
Acanthamoebidae	Acanthamoeba	unclassified Acanthamoeba
Fungi	Dikarya	Ascomycota
Fungi	Dikarya	Ascomycota
Euglenozoa	Kinetoplastida	Bodonidae	Dimastigella
Fungi	Dikarya	Basidiomycota	Agaricomycotina	Tremellomycetes	Cystofilobasidiales	Cystofilobasidiaceae	Cystofilobasidium
Fungi	environmental-samples
Fungi	Dikarya	Ascomycota
Fungi	Dikarya	Ascomycota	Saccharomycotina	Saccharomycetes	Saccharomycetales	Dipodascaceae	Galactomyces
Fungi	Dikarya	Ascomycota
Proleptomonas
Fungi	Dikarya	Ascomycota
Fungi	Dikarya	Ascomycota
stramenopiles	Bicosoecida	unclassified Bicosoecida	Halocafeteria
Fungi	Dikarya	Ascomycota	Saccharomycotina	Saccharomycetes	Saccharomycetales	Dipodascaceae	Galactomyces
Fungi	Dikarya	Ascomycota
Trimastix
Fungi	Dikarya	Ascomycota
environmental-samples
Fungi	Dikarya	Ascomycota
Fungi	Dikarya	Ascomycota
Fungi	Dikarya	Ascomycota
Fungi	Dikarya	Ascomycota
Fungi	Dikarya	Ascomycota
Fungi	Dikarya	Ascomycota
Acanthamoebidae	Acanthamoeba	unclassified Acanthamoeba
Fungi	Dikarya	Ascomycota	Saccharomycotina	Saccharomycetes	Saccharomycetales	Dipodascaceae	Galactomyces
Fungi	Dikarya	Ascomycota	Saccharomycotina	Saccharomycetes	Saccharomycetales	Dipodascaceae	Galactomyces
Fungi	environmental-samples
Euglenozoa	Kinetoplastida	Bodonidae	Dimastigella
Cercozoa	Heteromitidae	Heteromita
Fungi	Dikarya	Basidiomycota	Agaricomycotina	Tremellomycetes	Cystofilobasidiales	Cystofilobasidiaceae	Cystofilobasidium
Fungi	Dikarya	Ascomycota
Fungi	Dikarya	Ascomycota
Fungi	Dikarya	Ascomycota
Fungi	Dikarya	Ascomycota	Saccharomycotina	Saccharomycetes	Saccharomycetales	Dipodascaceae	Galactomyces
Fungi	Dikarya	Basidiomycota	Agaricomycotina	Tremellomycetes	Cystofilobasidiales	Cystofilobasidiaceae	Cystofilobasidium
Fungi	Dikarya	Ascomycota
Fungi	Dikarya	Ascomycota	Saccharomycotina	Saccharomycetes	Saccharomycetales	Dipodascaceae	Galactomyces
Metazoa	Nematoda	Chromadorea	Tylenchida	Aphelenchoidea	Aphelenchidae	Aphelenchoides
Fungi	Dikarya	Ascomycota
Fungi	Dikarya	Ascomycota
Fungi	Dikarya	Ascomycota
Fungi	Dikarya	Ascomycota
Fungi	Dikarya	Ascomycota
Fungi	Dikarya	Ascomycota	Saccharomycotina	Saccharomycetes	Saccharomycetales	Dipodascaceae	Galactomyces
Fungi	Dikarya	Ascomycota
Fungi	Dikarya	Ascomycota	Saccharomycotina	Saccharomycetes	Saccharomycetales	Dipodascaceae	Galactomyces
Fungi	Dikarya	Basidiomycota	Agaricomycotina	Tremellomycetes	Cystofilobasidiales	Cystofilobasidiaceae	Cystofilobasidium
Fungi	Dikarya	Ascomycota
Fungi	Dikarya	Ascomycota
Fungi	Dikarya	Ascomycota
Fungi	Dikarya	Ascomycota
Fungi	Dikarya	Basidiomycota	Agaricomycotina	Tremellomycetes	Cystofilobasidiales	Cystofilobasidiaceae	Cystofilobasidium
Fungi	Dikarya	Ascomycota
Acanthamoebidae	Acanthamoeba	unclassified Acanthamoeba
Fungi	Dikarya	Ascomycota	Saccharomycotina	Saccharomycetes	Saccharomycetales	Dipodascaceae	Galactomyces
Fungi	Dikarya	Basidiomycota	Agaricomycotina	Tremellomycetes	Cystofilobasidiales	Cystofilobasidiaceae	Cystofilobasidium
Fungi	Dikarya	Ascomycota	Saccharomycotina	Saccharomycetes	Saccharomycetales	Dipodascaceae	Galactomyces
Fungi	Dikarya	Ascomycota
Fungi	Dikarya	Ascomycota
Acanthamoebidae	Acanthamoeba
Fungi	Dikarya	Ascomycota
Fungi	Dikarya	Ascomycota	Pezizomycotina	Sordariomycetes	Xylariomycetidae	Xylariales	Xylariaceae	unclassified Xylariaceae
Fungi	Dikarya	Ascomycota
Fungi	Dikarya	Ascomycota
Fungi	Dikarya	Ascomycota
Fungi	environmental-samples
Fungi	Dikarya	Ascomycota	Saccharomycotina	Saccharomycetes	Saccharomycetales	Dipodascaceae	Galactomyces
Fungi	Dikarya	Ascomycota
Fungi	Dikarya	Ascomycota
Fungi	Dikarya	Ascomycota	Saccharomycotina	Saccharomycetes	Saccharomycetales	Dipodascaceae	Galactomyces
Fungi	Dikarya	Basidiomycota	Agaricomycotina	Tremellomycetes	Cystofilobasidiales	Cystofilobasidiaceae	Cystofilobasidium
Fungi	Dikarya	Ascomycota
Fungi	Dikarya	Basidiomycota	Agaricomycotina	Tremellomycetes	Cystofilobasidiales	Cystofilobasidiaceae	Cystofilobasidium
Fungi	Dikarya	Basidiomycota	Agaricomycotina	Tremellomycetes	Cystofilobasidiales	Cystofilobasidiaceae	Cystofilobasidium
Fungi	Dikarya	Ascomycota	Saccharomycotina	Saccharomycetes	Saccharomycetales	Dipodascaceae	Galactomyces
Fungi	Dikarya	Ascomycota	Saccharomycotina	Saccharomycetes	Saccharomycetales	Dipodascaceae	Galactomyces
Fungi	Dikarya	Ascomycota
Fungi	Dikarya	Ascomycota	Saccharomycotina	Saccharomycetes	Saccharomycetales	Dipodascaceae	Galactomyces
Fungi	Dikarya	Ascomycota	Saccharomycotina	Saccharomycetes	Saccharomycetales	Dipodascaceae	Galactomyces
Fungi	Dikarya	Ascomycota
Fungi	Dikarya	Ascomycota
Fungi	Dikarya	Ascomycota
Fungi	Dikarya	Ascomycota	Saccharomycotina	Saccharomycetes	Saccharomycetales	Dipodascaceae	Galactomyces
Fungi	Dikarya	Ascomycota	Saccharomycotina	Saccharomycetes	Saccharomycetales	Dipodascaceae	Galactomyces
Fungi	Dikarya	Ascomycota
Fungi	Dikarya	Ascomycota
Fungi	Dikarya	Ascomycota	Saccharomycotina	Saccharomycetes	Saccharomycetales	Dipodascaceae	Galactomyces
Fungi	Dikarya	Ascomycota	Saccharomycotina	Saccharomycetes	Saccharomycetales	Dipodascaceae	Galactomyces
Fungi	Dikarya	Ascomycota
Fungi	Dikarya	Ascomycota	Saccharomycotina	Saccharomycetes	Saccharomycetales	Dipodascaceae	Galactomyces
Fungi	Dikarya	Ascomycota
Fungi	Dikarya	Ascomycota
Fungi	Dikarya	Ascomycota
Fungi	Dikarya	Ascomycota	Saccharomycotina	Saccharomycetes	Saccharomycetales	Dipodascaceae	Galactomyces
Fungi	Dikarya	Ascomycota	Saccharomycotina	Saccharomycetes	Saccharomycetales	Dipodascaceae	Galactomyces
Fungi	Dikarya	Ascomycota	Saccharomycotina	Saccharomycetes	Saccharomycetales	Dipodascaceae	Galactomyces
Fungi	Dikarya	Ascomycota	Saccharomycotina	Saccharomycetes	Saccharomycetales	Dipodascaceae	Galactomyces
Fungi	Dikarya	Ascomycota	Saccharomycotina	Saccharomycetes	Saccharomycetales	Dipodascaceae	Galactomyces
Fungi	Dikarya	Ascomycota
Fungi	Dikarya	Ascomycota	Saccharomycotina	Saccharomycetes	Saccharomycetales	Dipodascaceae	Galactomyces
Fungi	Dikarya	Ascomycota	Pezizomycotina	Sordariomycetes	Xylariomycetidae	Xylariales	Xylariaceae	Xylaria
Fungi	Dikarya	Basidiomycota	Agaricomycotina	Tremellomycetes	Cystofilobasidiales	Cystofilobasidiaceae	Cystofilobasidium
Fungi	Dikarya	Ascomycota
Fungi	Dikarya	Ascomycota
Fungi	Dikarya	Ascomycota	Saccharomycotina	Saccharomycetes	Saccharomycetales	Dipodascaceae	Galactomyces
Fungi	Dikarya	Ascomycota
Fungi	Dikarya	Ascomycota	Saccharomycotina	Saccharomycetes	Saccharomycetales	Dipodascaceae	Galactomyces
Fungi	Dikarya	Ascomycota
Fungi	Dikarya	Ascomycota
Fungi	Dikarya	Basidiomycota	Agaricomycotina	Tremellomycetes	Cystofilobasidiales	Cystofilobasidiaceae	Cystofilobasidium
Fungi	Dikarya	Basidiomycota	Agaricomycotina	Tremellomycetes	Cystofilobasidiales	Cystofilobasidiaceae	Cystofilobasidium
Fungi	Dikarya	Ascomycota
Fungi	Dikarya	Ascomycota
Fungi	Dikarya	Basidiomycota	Agaricomycotina	Tremellomycetes	Cystofilobasidiales	Cystofilobasidiaceae	Cystofilobasidium
Fungi	Dikarya	Ascomycota
Fungi	environmental-samples
Fungi	Dikarya	Ascomycota
Acanthamoebidae	Acanthamoeba
Fungi	Dikarya	Ascomycota
Fungi	Dikarya	Ascomycota
Fungi	Dikarya	Ascomycota	Saccharomycotina	Saccharomycetes	Saccharomycetales	Dipodascaceae	Galactomyces
Fungi	environmental-samples
Fungi	Dikarya	Basidiomycota	Agaricomycotina	Tremellomycetes	Cystofilobasidiales	Cystofilobasidiaceae	Cystofilobasidium
Fungi	Dikarya	Ascomycota	Saccharomycotina	Saccharomycetes	Saccharomycetales	Dipodascaceae	Galactomyces
Fungi	Dikarya	Ascomycota
Fungi	Dikarya	Ascomycota	Saccharomycotina	Saccharomycetes	Saccharomycetales	Dipodascaceae	Galactomyces
Fungi	Dikarya	Ascomycota
Fungi	Dikarya	Ascomycota	Saccharomycotina	Saccharomycetes	Saccharomycetales	Dipodascaceae	Galactomyces
Fungi	Dikarya	Ascomycota
Fungi	Dikarya	Ascomycota
Fungi	environmental-samples
Fungi	Dikarya	Ascomycota
Fungi	Dikarya	Ascomycota
Fungi	Dikarya	Ascomycota
Fungi	Dikarya	Ascomycota
Fungi	Dikarya	Ascomycota
Fungi	Dikarya	Basidiomycota	Agaricomycotina	Tremellomycetes	Cystofilobasidiales	Cystofilobasidiaceae	Cystofilobasidium
Fungi	Dikarya	Ascomycota	Saccharomycotina	Saccharomycetes	Saccharomycetales	Dipodascaceae	Galactomyces
Fungi	Dikarya	Ascomycota
Fungi	Dikarya	Ascomycota
Fungi	Dikarya	Ascomycota	Saccharomycotina	Saccharomycetes	Saccharomycetales	Dipodascaceae	Galactomyces
Fungi	Dikarya	Ascomycota
Fungi	Dikarya	Ascomycota
Fungi	Dikarya	Ascomycota
Fungi	Dikarya	Ascomycota	Saccharomycotina	Saccharomycetes	Saccharomycetales	Dipodascaceae	Galactomyces
Fungi	Dikarya	Basidiomycota	Agaricomycotina	Tremellomycetes	Cystofilobasidiales	Cystofilobasidiaceae	Cystofilobasidium
Fungi	Dikarya	Ascomycota
Fungi	Dikarya	Basidiomycota	Agaricomycotina	Tremellomycetes	Cystofilobasidiales	Cystofilobasidiaceae	Cystofilobasidium
stramenopiles	Bicosoecida	unclassified Bicosoecida	Halocafeteria
Fungi	Dikarya	Ascomycota
Fungi	Dikarya	Ascomycota
Fungi	Dikarya	Ascomycota	Saccharomycotina	Saccharomycetes	Saccharomycetales	Dipodascaceae	Galactomyces
Fungi	Dikarya	Ascomycota
Fungi	Dikarya	Ascomycota
environmental-samples
Fungi	Dikarya	Ascomycota
Polycystinea
Fungi	Dikarya	Basidiomycota	Agaricomycotina	Agaricomycetes	Agaricomycetidae	Agaricales	Strophariaceae	Pholiota
Fungi	Dikarya	Ascomycota
Fungi	Dikarya	Ascomycota
Fungi	Dikarya	Ascomycota
Fungi	Dikarya	Ascomycota
Fungi	Dikarya	Ascomycota	Saccharomycotina	Saccharomycetes	Saccharomycetales	Dipodascaceae	Galactomyces
Fungi	Dikarya	Ascomycota	Saccharomycotina	Saccharomycetes	Saccharomycetales	Dipodascaceae	Galactomyces
Fungi	Dikarya	Ascomycota
Fungi	Dikarya	Ascomycota
Fungi	Dikarya	Ascomycota
Alveolata	Ciliophora	environmental-samples
Fungi	Dikarya	Ascomycota
Fungi	Dikarya	Ascomycota
Fungi	Dikarya	Ascomycota
Fungi	Dikarya	Ascomycota	Saccharomycotina	Saccharomycetes	Saccharomycetales	Dipodascaceae	Galactomyces
Fungi	Dikarya	Ascomycota
Fungi	Dikarya	Ascomycota	Saccharomycotina	Saccharomycetes	Saccharomycetales	Dipodascaceae	Galactomyces
Fungi	Dikarya	Ascomycota
Fungi	Dikarya	Ascomycota	Saccharomycotina	Saccharomycetes	Saccharomycetales	Dipodascaceae	Galactomyces
Fungi	Dikarya	Ascomycota
Fungi	Dikarya	Ascomycota
Fungi	Dikarya	Ascomycota
Acanthamoebidae	Acanthamoeba	unclassified Acanthamoeba
Fungi	Dikarya	Ascomycota	Saccharomycotina	Saccharomycetes	Saccharomycetales	Dipodascaceae	Galactomyces
Fungi	Dikarya	Ascomycota	Saccharomycotina	Saccharomycetes	Saccharomycetales	Dipodascaceae	Galactomyces
Fungi	Dikarya	Ascomycota	Saccharomycotina	Saccharomycetes	Saccharomycetales	Dipodascaceae	Galactomyces
environmental-samples
Fungi	Dikarya	Ascomycota
Trimastix
Fungi	Dikarya	Ascomycota
Fungi	Dikarya	Ascomycota
Fungi	Dikarya	Ascomycota
Fungi	Dikarya	Ascomycota
Fungi	Dikarya	Ascomycota	Saccharomycotina	Saccharomycetes	Saccharomycetales	Dipodascaceae	Galactomyces
Fungi	Dikarya	Ascomycota
Fungi	Dikarya	Ascomycota
Fungi	Dikarya	Ascomycota	Pezizomycotina	Sordariomycetes	Xylariomycetidae	Xylariales	Xylariaceae	Xylaria
Fungi	Dikarya	Ascomycota	Saccharomycotina	Saccharomycetes	Saccharomycetales	Dipodascaceae	Galactomyces
Fungi	Dikarya	Ascomycota
Fungi	Dikarya	Ascomycota
Fungi	Dikarya	Ascomycota
Fungi	Dikarya	Ascomycota	Saccharomycotina	Saccharomycetes	Saccharomycetales	Dipodascaceae	Galactomyces
Fungi	Dikarya	Ascomycota
Fungi	Dikarya	Ascomycota
Fungi	Dikarya	Ascomycota
environmental-samples
Fungi	Dikarya	Ascomycota
environmental-samples
Fungi	Dikarya	Basidiomycota	Agaricomycotina	Tremellomycetes	Cystofilobasidiales	Cystofilobasidiaceae	Cystofilobasidium
Fungi	Dikarya	Ascomycota	Saccharomycotina	Saccharomycetes	Saccharomycetales	Dipodascaceae	Galactomyces
Fungi	Dikarya	Ascomycota	Pezizomycotina	Sordariomycetes	Xylariomycetidae	Xylariales	Xylariaceae	Xylaria
Fungi	Dikarya	Ascomycota	Saccharomycotina	Saccharomycetes	Saccharomycetales	Dipodascaceae	Galactomyces
Fungi	Dikarya	Ascomycota
Fungi	Dikarya	Ascomycota	Saccharomycotina	Saccharomycetes	Saccharomycetales	Dipodascaceae	Galactomyces
Fungi	Dikarya	Basidiomycota	Agaricomycotina	Tremellomycetes	Cystofilobasidiales	Cystofilobasidiaceae	Cystofilobasidium
Fungi	Dikarya	Ascomycota
Fungi	Dikarya	Ascomycota	Saccharomycotina	Saccharomycetes	Saccharomycetales	Dipodascaceae	Galactomyces
Fungi	Dikarya	Ascomycota
Fungi	Dikarya	Ascomycota
Fungi	Dikarya	Ascomycota
Fungi	Dikarya	Ascomycota
Fungi	Dikarya	Ascomycota	Saccharomycotina	Saccharomycetes	Saccharomycetales	Dipodascaceae	Galactomyces
Fungi	Dikarya	Ascomycota	Saccharomycotina	Saccharomycetes	Saccharomycetales	Dipodascaceae	Galactomyces
Fungi	Dikarya	Ascomycota	Saccharomycotina	Saccharomycetes	Saccharomycetales	Dipodascaceae	Galactomyces
Fungi	Dikarya	Ascomycota
Fungi	Dikarya	Ascomycota
Fungi	Dikarya	Ascomycota
Fungi	Dikarya	Ascomycota
Fungi	Dikarya	Ascomycota
Fungi	Dikarya	Ascomycota
Fungi	Dikarya	Ascomycota	environmental-samples
environmental-samples
Fungi	Dikarya	Basidiomycota	Agaricomycotina	Tremellomycetes	Cystofilobasidiales	Cystofilobasidiaceae	Cystofilobasidium
Fungi	Dikarya	Ascomycota
Fungi	Dikarya	Ascomycota
Fungi	Dikarya	Ascomycota	Saccharomycotina	Saccharomycetes	Saccharomycetales	Dipodascaceae	Galactomyces
Fungi	Dikarya	Ascomycota
environmental-samples
Fungi	Dikarya	Ascomycota
Fungi	Dikarya	Ascomycota	Saccharomycotina	Saccharomycetes	Saccharomycetales	Dipodascaceae	Galactomyces
Fungi	Dikarya	Ascomycota
Fungi	Dikarya	Ascomycota	Saccharomycotina	Saccharomycetes	Saccharomycetales	Dipodascaceae	Galactomyces
Fungi	Dikarya	Ascomycota
Fungi	Dikarya	Ascomycota
Fungi	Dikarya	Ascomycota
Fungi	Dikarya	Ascomycota
Fungi	Dikarya	Basidiomycota	Agaricomycotina	Tremellomycetes	Cystofilobasidiales	Cystofilobasidiaceae	Cystofilobasidium
Fungi	Dikarya	Ascomycota
Fungi	Dikarya	Ascomycota	Saccharomycotina	Saccharomycetes	Saccharomycetales	Dipodascaceae	Galactomyces
Fungi	Dikarya	Ascomycota
Fungi	Dikarya	Ascomycota
Fungi	Dikarya	Basidiomycota	Agaricomycotina	Tremellomycetes	Cystofilobasidiales	Cystofilobasidiaceae	Cystofilobasidium
Fungi	Dikarya	Ascomycota
Fungi	Dikarya	Ascomycota
Fungi	Dikarya	Ascomycota
environmental-samples
Fungi	Dikarya	Ascomycota	Pezizomycotina	Leotiomycetes	mitosporic Leotiomycetes	Rhexocercosporidium
Fungi	Dikarya	Ascomycota
Fungi	Dikarya	Ascomycota	Saccharomycotina	Saccharomycetes	Saccharomycetales	Saccharomycetaceae	Pichia
Fungi	Dikarya	Ascomycota
Fungi	Dikarya	Ascomycota
Fungi	Dikarya	Basidiomycota	Agaricomycotina	Tremellomycetes	Cystofilobasidiales	Cystofilobasidiaceae	Cystofilobasidium
Fungi	Dikarya	Ascomycota	Saccharomycotina	Saccharomycetes	Saccharomycetales	Dipodascaceae	Galactomyces
Fungi	Dikarya	Basidiomycota	Agaricomycotina	Tremellomycetes	Cystofilobasidiales	Cystofilobasidiaceae	Cystofilobasidium
Fungi	Dikarya	Ascomycota
Fungi	Dikarya	Ascomycota
Fungi	Dikarya	Ascomycota
Fungi	Dikarya	Ascomycota
Fungi	Dikarya	Ascomycota	Saccharomycotina	Saccharomycetes	Saccharomycetales	Dipodascaceae	Galactomyces
Fungi	Dikarya	Ascomycota
Fungi	Dikarya	Ascomycota
Fungi	Dikarya	Ascomycota
Fungi	Dikarya	Ascomycota	Saccharomycotina	Saccharomycetes	Saccharomycetales	Dipodascaceae	Galactomyces
Fungi	Dikarya	Ascomycota	Saccharomycotina	Saccharomycetes	Saccharomycetales	Dipodascaceae	Galactomyces
Fungi	Dikarya	Ascomycota	Saccharomycotina	Saccharomycetes	Saccharomycetales	Dipodascaceae	Galactomyces
Fungi	Dikarya	Ascomycota
Fungi	Dikarya	Ascomycota	Pezizomycotina	Eurotiomycetes	Eurotiomycetidae	Eurotiales	Trichocomaceae	Eupenicillium
Fungi	Dikarya	Ascomycota
Fungi	Dikarya	Ascomycota
Fungi	Dikarya	Ascomycota
Fungi	Dikarya	Basidiomycota	Agaricomycotina	Tremellomycetes	Cystofilobasidiales	Cystofilobasidiaceae	Cystofilobasidium
Fungi	Dikarya	Ascomycota
Fungi	Dikarya	Ascomycota	environmental-samples
Fungi	Dikarya	Ascomycota
Fungi	Dikarya	Basidiomycota	Agaricomycotina	Tremellomycetes	Cystofilobasidiales	Cystofilobasidiaceae	Cystofilobasidium
Fungi	Dikarya	Ascomycota
Fungi	Dikarya	Ascomycota	Saccharomycotina	Saccharomycetes	Saccharomycetales	Dipodascaceae	Galactomyces
environmental-samples
Fungi	Dikarya	Ascomycota	Saccharomycotina	Saccharomycetes	Saccharomycetales	Dipodascaceae	Galactomyces
Fungi	Dikarya	Ascomycota	Saccharomycotina	Saccharomycetes	Saccharomycetales	Dipodascaceae	Galactomyces
Fungi	Dikarya	Ascomycota
Fungi	Dikarya	Basidiomycota	environmental-samples
Fungi	environmental-samples
Fungi	Dikarya	Ascomycota	Saccharomycotina	Saccharomycetes	Saccharomycetales	Dipodascaceae	Galactomyces
Fungi	Dikarya	Ascomycota	Saccharomycotina	Saccharomycetes	Saccharomycetales	Dipodascaceae	Galactomyces
Fungi	Dikarya	Basidiomycota	Agaricomycotina	Tremellomycetes	Cystofilobasidiales	Cystofilobasidiaceae	Cystofilobasidium
Fungi	Dikarya	Ascomycota
Fungi	Dikarya	Ascomycota
Fungi	Dikarya	Ascomycota	Saccharomycotina	Saccharomycetes	Saccharomycetales	Saccharomycetaceae	Pichia
Alveolata	environmental-samples
