Eukaryota; Fungi; Dikarya; Ascomycota
Eukaryota; Fungi; Dikarya; Ascomycota
Eukaryota; Fungi; Dikarya; Ascomycota
Eukaryota; stramenopiles; Bicosoecida; unclassified Bicosoecida; Halocafeteria
Eukaryota; Fungi; Dikarya; Ascomycota
Eukaryota; Fungi; Dikarya; Ascomycota
Eukaryota; Fungi; Dikarya; Ascomycota
Eukaryota; Fungi; Dikarya; Ascomycota; Saccharomycotina; Saccharomycetes; Saccharomycetales; Dipodascaceae; Galactomyces
Eukaryota; Fungi; Dikarya; Ascomycota
Eukaryota; Fungi; Dikarya; Ascomycota
Eukaryota; Fungi; Dikarya; Ascomycota
Eukaryota; Fungi; Dikarya; Ascomycota; mitosporic Ascomycota; Engyodontium
Eukaryota; Fungi; Dikarya; Ascomycota; Saccharomycotina; Saccharomycetes; Saccharomycetales; Dipodascaceae; Galactomyces
Eukaryota; Fungi; Dikarya; Ascomycota; Saccharomycotina; Saccharomycetes; Saccharomycetales; Dipodascaceae; Galactomyces
Eukaryota; Fungi; Dikarya; Ascomycota; Saccharomycotina; Saccharomycetes; Saccharomycetales; Dipodascaceae; Galactomyces
Eukaryota; Fungi; Dikarya; Ascomycota; Saccharomycotina; Saccharomycetes; Saccharomycetales; Dipodascaceae; Galactomyces
Eukaryota; Fungi; Dikarya; Ascomycota
Eukaryota; Fungi; Dikarya; Basidiomycota; Agaricomycotina; Tremellomycetes; Cystofilobasidiales; Cystofilobasidiaceae; Cystofilobasidium
Eukaryota; Fungi; Dikarya; Basidiomycota; Agaricomycotina; Tremellomycetes; Cystofilobasidiales; Cystofilobasidiaceae; Cystofilobasidium
Eukaryota; Fungi; Dikarya; Ascomycota
Eukaryota; Fungi; Dikarya; Basidiomycota; Agaricomycotina; Tremellomycetes; Cystofilobasidiales; Cystofilobasidiaceae; Cystofilobasidium
Eukaryota; Fungi; Dikarya; Ascomycota; Saccharomycotina; Saccharomycetes; Saccharomycetales; Dipodascaceae; Galactomyces
Eukaryota; Fungi; Dikarya; Ascomycota
Eukaryota; Fungi; Dikarya; Ascomycota
Eukaryota; Fungi; Dikarya; Ascomycota
Eukaryota; Fungi; Dikarya; Ascomycota
Eukaryota; Fungi; Dikarya; Ascomycota
Eukaryota; Fungi; Dikarya; Ascomycota
Eukaryota; Fungi; Dikarya; Ascomycota
Eukaryota; Fungi; Dikarya; Basidiomycota; Agaricomycotina; Tremellomycetes; Cystofilobasidiales; Cystofilobasidiaceae; Cystofilobasidium
Eukaryota; Fungi; Dikarya; Basidiomycota; Agaricomycotina; Tremellomycetes; Cystofilobasidiales; Cystofilobasidiaceae; Cystofilobasidium
Eukaryota; Fungi; Dikarya; Ascomycota; Saccharomycotina; Saccharomycetes; Saccharomycetales; Dipodascaceae; Galactomyces
Eukaryota; Fungi; Dikarya; Ascomycota; Saccharomycotina; Saccharomycetes; Saccharomycetales; Dipodascaceae; Galactomyces
Eukaryota; Fungi; Dikarya; Basidiomycota; Agaricomycotina; Tremellomycetes; Cystofilobasidiales; Cystofilobasidiaceae; Cystofilobasidium
Eukaryota; Euglenozoa; Kinetoplastida; Bodonidae; Dimastigella
Eukaryota; Fungi; Dikarya; Ascomycota
Eukaryota; Fungi; Dikarya; Ascomycota
Eukaryota; Fungi; Dikarya; Ascomycota
Eukaryota; Fungi; Dikarya; Ascomycota; Saccharomycotina; Saccharomycetes; Saccharomycetales; Dipodascaceae; Galactomyces
Eukaryota; Fungi; Dikarya; Ascomycota
Eukaryota; Fungi; Dikarya; Ascomycota
Eukaryota; environmental samples
Eukaryota; Fungi; Dikarya; Ascomycota
Eukaryota; Fungi; Dikarya; Ascomycota
Eukaryota; Fungi; Dikarya; Ascomycota
Eukaryota; Fungi; Dikarya; Ascomycota
Eukaryota; Fungi; Dikarya; Ascomycota
Eukaryota; Acanthamoebidae; Acanthamoeba; unclassified Acanthamoeba
Eukaryota; Fungi; Dikarya; Ascomycota
Eukaryota; Fungi; Dikarya; Ascomycota
Eukaryota; Euglenozoa; Kinetoplastida; Bodonidae; Dimastigella
Eukaryota; Fungi; Dikarya; Basidiomycota; Agaricomycotina; Tremellomycetes; Cystofilobasidiales; Cystofilobasidiaceae; Cystofilobasidium
Eukaryota; Fungi; environmental samples
Eukaryota; Fungi; Dikarya; Ascomycota
Eukaryota; Fungi; Dikarya; Ascomycota; Saccharomycotina; Saccharomycetes; Saccharomycetales; Dipodascaceae; Galactomyces
Eukaryota; Fungi; Dikarya; Ascomycota
Eukaryota; Proleptomonas
Eukaryota; Fungi; Dikarya; Ascomycota
Eukaryota; Fungi; Dikarya; Ascomycota
Eukaryota; stramenopiles; Bicosoecida; unclassified Bicosoecida; Halocafeteria
Eukaryota; Fungi; Dikarya; Ascomycota; Saccharomycotina; Saccharomycetes; Saccharomycetales; Dipodascaceae; Galactomyces
Eukaryota; Fungi; Dikarya; Ascomycota
Eukaryota; Trimastix
Eukaryota; Fungi; Dikarya; Ascomycota
Eukaryota; environmental samples
Eukaryota; Fungi; Dikarya; Ascomycota
Eukaryota; Fungi; Dikarya; Ascomycota
Eukaryota; Fungi; Dikarya; Ascomycota
Eukaryota; Fungi; Dikarya; Ascomycota
Eukaryota; Fungi; Dikarya; Ascomycota
Eukaryota; Fungi; Dikarya; Ascomycota
Eukaryota; Acanthamoebidae; Acanthamoeba; unclassified Acanthamoeba
Eukaryota; Fungi; Dikarya; Ascomycota; Saccharomycotina; Saccharomycetes; Saccharomycetales; Dipodascaceae; Galactomyces
Eukaryota; Fungi; Dikarya; Ascomycota; Saccharomycotina; Saccharomycetes; Saccharomycetales; Dipodascaceae; Galactomyces
Eukaryota; Fungi; environmental samples
Eukaryota; Euglenozoa; Kinetoplastida; Bodonidae; Dimastigella
Eukaryota; Cercozoa; Heteromitidae; Heteromita
Eukaryota; Fungi; Dikarya; Basidiomycota; Agaricomycotina; Tremellomycetes; Cystofilobasidiales; Cystofilobasidiaceae; Cystofilobasidium
Eukaryota; Fungi; Dikarya; Ascomycota
Eukaryota; Fungi; Dikarya; Ascomycota
Eukaryota; Fungi; Dikarya; Ascomycota
Eukaryota; Fungi; Dikarya; Ascomycota; Saccharomycotina; Saccharomycetes; Saccharomycetales; Dipodascaceae; Galactomyces
Eukaryota; Fungi; Dikarya; Basidiomycota; Agaricomycotina; Tremellomycetes; Cystofilobasidiales; Cystofilobasidiaceae; Cystofilobasidium
Eukaryota; Fungi; Dikarya; Ascomycota
Eukaryota; Fungi; Dikarya; Ascomycota; Saccharomycotina; Saccharomycetes; Saccharomycetales; Dipodascaceae; Galactomyces
Eukaryota; Metazoa; Nematoda; Chromadorea; Tylenchida; Aphelenchoidea; Aphelenchidae; Aphelenchoides
Eukaryota; Fungi; Dikarya; Ascomycota
Eukaryota; Fungi; Dikarya; Ascomycota
Eukaryota; Fungi; Dikarya; Ascomycota
Eukaryota; Fungi; Dikarya; Ascomycota
Eukaryota; Fungi; Dikarya; Ascomycota
Eukaryota; Fungi; Dikarya; Ascomycota; Saccharomycotina; Saccharomycetes; Saccharomycetales; Dipodascaceae; Galactomyces
Eukaryota; Fungi; Dikarya; Ascomycota
Eukaryota; Fungi; Dikarya; Ascomycota; Saccharomycotina; Saccharomycetes; Saccharomycetales; Dipodascaceae; Galactomyces
Eukaryota; Fungi; Dikarya; Basidiomycota; Agaricomycotina; Tremellomycetes; Cystofilobasidiales; Cystofilobasidiaceae; Cystofilobasidium
Eukaryota; Fungi; Dikarya; Ascomycota
Eukaryota; Fungi; Dikarya; Ascomycota
Eukaryota; Fungi; Dikarya; Ascomycota
Eukaryota; Fungi; Dikarya; Ascomycota
Eukaryota; Fungi; Dikarya; Basidiomycota; Agaricomycotina; Tremellomycetes; Cystofilobasidiales; Cystofilobasidiaceae; Cystofilobasidium
Eukaryota; Fungi; Dikarya; Ascomycota
Eukaryota; Acanthamoebidae; Acanthamoeba; unclassified Acanthamoeba
Eukaryota; Fungi; Dikarya; Ascomycota; Saccharomycotina; Saccharomycetes; Saccharomycetales; Dipodascaceae; Galactomyces
Eukaryota; Fungi; Dikarya; Basidiomycota; Agaricomycotina; Tremellomycetes; Cystofilobasidiales; Cystofilobasidiaceae; Cystofilobasidium
Eukaryota; Fungi; Dikarya; Ascomycota; Saccharomycotina; Saccharomycetes; Saccharomycetales; Dipodascaceae; Galactomyces
Eukaryota; Fungi; Dikarya; Ascomycota
Eukaryota; Fungi; Dikarya; Ascomycota
Eukaryota; Acanthamoebidae; Acanthamoeba
Eukaryota; Fungi; Dikarya; Ascomycota
Eukaryota; Fungi; Dikarya; Ascomycota; Pezizomycotina; Sordariomycetes; Xylariomycetidae; Xylariales; Xylariaceae; unclassified Xylariaceae
Eukaryota; Fungi; Dikarya; Ascomycota
Eukaryota; Fungi; Dikarya; Ascomycota
Eukaryota; Fungi; Dikarya; Ascomycota
Eukaryota; Fungi; environmental samples
Eukaryota; Fungi; Dikarya; Ascomycota; Saccharomycotina; Saccharomycetes; Saccharomycetales; Dipodascaceae; Galactomyces
Eukaryota; Fungi; Dikarya; Ascomycota
Eukaryota; Fungi; Dikarya; Ascomycota
Eukaryota; Fungi; Dikarya; Ascomycota; Saccharomycotina; Saccharomycetes; Saccharomycetales; Dipodascaceae; Galactomyces
Eukaryota; Fungi; Dikarya; Basidiomycota; Agaricomycotina; Tremellomycetes; Cystofilobasidiales; Cystofilobasidiaceae; Cystofilobasidium
Eukaryota; Fungi; Dikarya; Ascomycota
Eukaryota; Fungi; Dikarya; Basidiomycota; Agaricomycotina; Tremellomycetes; Cystofilobasidiales; Cystofilobasidiaceae; Cystofilobasidium
Eukaryota; Fungi; Dikarya; Basidiomycota; Agaricomycotina; Tremellomycetes; Cystofilobasidiales; Cystofilobasidiaceae; Cystofilobasidium
Eukaryota; Fungi; Dikarya; Ascomycota; Saccharomycotina; Saccharomycetes; Saccharomycetales; Dipodascaceae; Galactomyces
Eukaryota; Fungi; Dikarya; Ascomycota; Saccharomycotina; Saccharomycetes; Saccharomycetales; Dipodascaceae; Galactomyces
Eukaryota; Fungi; Dikarya; Ascomycota
Eukaryota; Fungi; Dikarya; Ascomycota; Saccharomycotina; Saccharomycetes; Saccharomycetales; Dipodascaceae; Galactomyces
Eukaryota; Fungi; Dikarya; Ascomycota; Saccharomycotina; Saccharomycetes; Saccharomycetales; Dipodascaceae; Galactomyces
Eukaryota; Fungi; Dikarya; Ascomycota
Eukaryota; Fungi; Dikarya; Ascomycota
Eukaryota; Fungi; Dikarya; Ascomycota
Eukaryota; Fungi; Dikarya; Ascomycota; Saccharomycotina; Saccharomycetes; Saccharomycetales; Dipodascaceae; Galactomyces
Eukaryota; Fungi; Dikarya; Ascomycota; Saccharomycotina; Saccharomycetes; Saccharomycetales; Dipodascaceae; Galactomyces
Eukaryota; Fungi; Dikarya; Ascomycota
Eukaryota; Fungi; Dikarya; Ascomycota
Eukaryota; Fungi; Dikarya; Ascomycota; Saccharomycotina; Saccharomycetes; Saccharomycetales; Dipodascaceae; Galactomyces
Eukaryota; Fungi; Dikarya; Ascomycota; Saccharomycotina; Saccharomycetes; Saccharomycetales; Dipodascaceae; Galactomyces
Eukaryota; Fungi; Dikarya; Ascomycota
Eukaryota; Fungi; Dikarya; Ascomycota; Saccharomycotina; Saccharomycetes; Saccharomycetales; Dipodascaceae; Galactomyces
Eukaryota; Fungi; Dikarya; Ascomycota
Eukaryota; Fungi; Dikarya; Ascomycota
Eukaryota; Fungi; Dikarya; Ascomycota
Eukaryota; Fungi; Dikarya; Ascomycota; Saccharomycotina; Saccharomycetes; Saccharomycetales; Dipodascaceae; Galactomyces
Eukaryota; Fungi; Dikarya; Ascomycota; Saccharomycotina; Saccharomycetes; Saccharomycetales; Dipodascaceae; Galactomyces
Eukaryota; Fungi; Dikarya; Ascomycota; Saccharomycotina; Saccharomycetes; Saccharomycetales; Dipodascaceae; Galactomyces
Eukaryota; Fungi; Dikarya; Ascomycota; Saccharomycotina; Saccharomycetes; Saccharomycetales; Dipodascaceae; Galactomyces
Eukaryota; Fungi; Dikarya; Ascomycota; Saccharomycotina; Saccharomycetes; Saccharomycetales; Dipodascaceae; Galactomyces
Eukaryota; Fungi; Dikarya; Ascomycota
Eukaryota; Fungi; Dikarya; Ascomycota; Saccharomycotina; Saccharomycetes; Saccharomycetales; Dipodascaceae; Galactomyces
Eukaryota; Fungi; Dikarya; Ascomycota; Pezizomycotina; Sordariomycetes; Xylariomycetidae; Xylariales; Xylariaceae; Xylaria
Eukaryota; Fungi; Dikarya; Basidiomycota; Agaricomycotina; Tremellomycetes; Cystofilobasidiales; Cystofilobasidiaceae; Cystofilobasidium
Eukaryota; Fungi; Dikarya; Ascomycota
Eukaryota; Fungi; Dikarya; Ascomycota
Eukaryota; Fungi; Dikarya; Ascomycota; Saccharomycotina; Saccharomycetes; Saccharomycetales; Dipodascaceae; Galactomyces
Eukaryota; Fungi; Dikarya; Ascomycota
Eukaryota; Fungi; Dikarya; Ascomycota; Saccharomycotina; Saccharomycetes; Saccharomycetales; Dipodascaceae; Galactomyces
Eukaryota; Fungi; Dikarya; Ascomycota
Eukaryota; Fungi; Dikarya; Ascomycota
Eukaryota; Fungi; Dikarya; Basidiomycota; Agaricomycotina; Tremellomycetes; Cystofilobasidiales; Cystofilobasidiaceae; Cystofilobasidium
Eukaryota; Fungi; Dikarya; Basidiomycota; Agaricomycotina; Tremellomycetes; Cystofilobasidiales; Cystofilobasidiaceae; Cystofilobasidium
Eukaryota; Fungi; Dikarya; Ascomycota
Eukaryota; Fungi; Dikarya; Ascomycota
Eukaryota; Fungi; Dikarya; Basidiomycota; Agaricomycotina; Tremellomycetes; Cystofilobasidiales; Cystofilobasidiaceae; Cystofilobasidium
Eukaryota; Fungi; Dikarya; Ascomycota
Eukaryota; Fungi; environmental samples
Eukaryota; Fungi; Dikarya; Ascomycota
Eukaryota; Acanthamoebidae; Acanthamoeba
Eukaryota; Fungi; Dikarya; Ascomycota
Eukaryota; Fungi; Dikarya; Ascomycota
Eukaryota; Fungi; Dikarya; Ascomycota; Saccharomycotina; Saccharomycetes; Saccharomycetales; Dipodascaceae; Galactomyces
Eukaryota; Fungi; environmental samples
Eukaryota; Fungi; Dikarya; Basidiomycota; Agaricomycotina; Tremellomycetes; Cystofilobasidiales; Cystofilobasidiaceae; Cystofilobasidium
Eukaryota; Fungi; Dikarya; Ascomycota; Saccharomycotina; Saccharomycetes; Saccharomycetales; Dipodascaceae; Galactomyces
Eukaryota; Fungi; Dikarya; Ascomycota
Eukaryota; Fungi; Dikarya; Ascomycota; Saccharomycotina; Saccharomycetes; Saccharomycetales; Dipodascaceae; Galactomyces
Eukaryota; Fungi; Dikarya; Ascomycota
Eukaryota; Fungi; Dikarya; Ascomycota; Saccharomycotina; Saccharomycetes; Saccharomycetales; Dipodascaceae; Galactomyces
Eukaryota; Fungi; Dikarya; Ascomycota
Eukaryota; Fungi; Dikarya; Ascomycota
Eukaryota; Fungi; environmental samples
Eukaryota; Fungi; Dikarya; Ascomycota
Eukaryota; Fungi; Dikarya; Ascomycota
Eukaryota; Fungi; Dikarya; Ascomycota
Eukaryota; Fungi; Dikarya; Ascomycota
Eukaryota; Fungi; Dikarya; Ascomycota
Eukaryota; Fungi; Dikarya; Basidiomycota; Agaricomycotina; Tremellomycetes; Cystofilobasidiales; Cystofilobasidiaceae; Cystofilobasidium
Eukaryota; Fungi; Dikarya; Ascomycota; Saccharomycotina; Saccharomycetes; Saccharomycetales; Dipodascaceae; Galactomyces
Eukaryota; Fungi; Dikarya; Ascomycota
Eukaryota; Fungi; Dikarya; Ascomycota
Eukaryota; Fungi; Dikarya; Ascomycota; Saccharomycotina; Saccharomycetes; Saccharomycetales; Dipodascaceae; Galactomyces
Eukaryota; Fungi; Dikarya; Ascomycota
Eukaryota; Fungi; Dikarya; Ascomycota
Eukaryota; Fungi; Dikarya; Ascomycota
Eukaryota; Fungi; Dikarya; Ascomycota; Saccharomycotina; Saccharomycetes; Saccharomycetales; Dipodascaceae; Galactomyces
Eukaryota; Fungi; Dikarya; Basidiomycota; Agaricomycotina; Tremellomycetes; Cystofilobasidiales; Cystofilobasidiaceae; Cystofilobasidium
Eukaryota; Fungi; Dikarya; Ascomycota
Eukaryota; Fungi; Dikarya; Basidiomycota; Agaricomycotina; Tremellomycetes; Cystofilobasidiales; Cystofilobasidiaceae; Cystofilobasidium
Eukaryota; stramenopiles; Bicosoecida; unclassified Bicosoecida; Halocafeteria
Eukaryota; Fungi; Dikarya; Ascomycota
Eukaryota; Fungi; Dikarya; Ascomycota
Eukaryota; Fungi; Dikarya; Ascomycota; Saccharomycotina; Saccharomycetes; Saccharomycetales; Dipodascaceae; Galactomyces
Eukaryota; Fungi; Dikarya; Ascomycota
Eukaryota; Fungi; Dikarya; Ascomycota
Eukaryota; environmental samples
Eukaryota; Fungi; Dikarya; Ascomycota
Eukaryota; Polycystinea
Eukaryota; Fungi; Dikarya; Basidiomycota; Agaricomycotina; Agaricomycetes; Agaricomycetidae; Agaricales; Strophariaceae; Pholiota
Eukaryota; Fungi; Dikarya; Ascomycota
Eukaryota; Fungi; Dikarya; Ascomycota
Eukaryota; Fungi; Dikarya; Ascomycota
Eukaryota; Fungi; Dikarya; Ascomycota
Eukaryota; Fungi; Dikarya; Ascomycota; Saccharomycotina; Saccharomycetes; Saccharomycetales; Dipodascaceae; Galactomyces
Eukaryota; Fungi; Dikarya; Ascomycota; Saccharomycotina; Saccharomycetes; Saccharomycetales; Dipodascaceae; Galactomyces
Eukaryota; Fungi; Dikarya; Ascomycota
Eukaryota; Fungi; Dikarya; Ascomycota
Eukaryota; Fungi; Dikarya; Ascomycota
Eukaryota; Alveolata; Ciliophora; environmental samples
Eukaryota; Fungi; Dikarya; Ascomycota
Eukaryota; Fungi; Dikarya; Ascomycota
Eukaryota; Fungi; Dikarya; Ascomycota
Eukaryota; Fungi; Dikarya; Ascomycota; Saccharomycotina; Saccharomycetes; Saccharomycetales; Dipodascaceae; Galactomyces
Eukaryota; Fungi; Dikarya; Ascomycota
Eukaryota; Fungi; Dikarya; Ascomycota; Saccharomycotina; Saccharomycetes; Saccharomycetales; Dipodascaceae; Galactomyces
Eukaryota; Fungi; Dikarya; Ascomycota
Eukaryota; Fungi; Dikarya; Ascomycota; Saccharomycotina; Saccharomycetes; Saccharomycetales; Dipodascaceae; Galactomyces
Eukaryota; Fungi; Dikarya; Ascomycota
Eukaryota; Fungi; Dikarya; Ascomycota
Eukaryota; Fungi; Dikarya; Ascomycota
Eukaryota; Acanthamoebidae; Acanthamoeba; unclassified Acanthamoeba
Eukaryota; Fungi; Dikarya; Ascomycota; Saccharomycotina; Saccharomycetes; Saccharomycetales; Dipodascaceae; Galactomyces
Eukaryota; Fungi; Dikarya; Ascomycota; Saccharomycotina; Saccharomycetes; Saccharomycetales; Dipodascaceae; Galactomyces
Eukaryota; Fungi; Dikarya; Ascomycota; Saccharomycotina; Saccharomycetes; Saccharomycetales; Dipodascaceae; Galactomyces
Eukaryota; environmental samples
Eukaryota; Fungi; Dikarya; Ascomycota
Eukaryota; Trimastix
Eukaryota; Fungi; Dikarya; Ascomycota
Eukaryota; Fungi; Dikarya; Ascomycota
Eukaryota; Fungi; Dikarya; Ascomycota
Eukaryota; Fungi; Dikarya; Ascomycota
Eukaryota; Fungi; Dikarya; Ascomycota; Saccharomycotina; Saccharomycetes; Saccharomycetales; Dipodascaceae; Galactomyces
Eukaryota; Fungi; Dikarya; Ascomycota
Eukaryota; Fungi; Dikarya; Ascomycota
Eukaryota; Fungi; Dikarya; Ascomycota; Pezizomycotina; Sordariomycetes; Xylariomycetidae; Xylariales; Xylariaceae; Xylaria
Eukaryota; Fungi; Dikarya; Ascomycota; Saccharomycotina; Saccharomycetes; Saccharomycetales; Dipodascaceae; Galactomyces
Eukaryota; Fungi; Dikarya; Ascomycota
Eukaryota; Fungi; Dikarya; Ascomycota
Eukaryota; Fungi; Dikarya; Ascomycota
Eukaryota; Fungi; Dikarya; Ascomycota; Saccharomycotina; Saccharomycetes; Saccharomycetales; Dipodascaceae; Galactomyces
Eukaryota; Fungi; Dikarya; Ascomycota
Eukaryota; Fungi; Dikarya; Ascomycota
Eukaryota; Fungi; Dikarya; Ascomycota
Eukaryota; environmental samples
Eukaryota; Fungi; Dikarya; Ascomycota
Eukaryota; environmental samples
Eukaryota; Fungi; Dikarya; Basidiomycota; Agaricomycotina; Tremellomycetes; Cystofilobasidiales; Cystofilobasidiaceae; Cystofilobasidium
Eukaryota; Fungi; Dikarya; Ascomycota; Saccharomycotina; Saccharomycetes; Saccharomycetales; Dipodascaceae; Galactomyces
Eukaryota; Fungi; Dikarya; Ascomycota; Pezizomycotina; Sordariomycetes; Xylariomycetidae; Xylariales; Xylariaceae; Xylaria
Eukaryota; Fungi; Dikarya; Ascomycota; Saccharomycotina; Saccharomycetes; Saccharomycetales; Dipodascaceae; Galactomyces
Eukaryota; Fungi; Dikarya; Ascomycota
Eukaryota; Fungi; Dikarya; Ascomycota; Saccharomycotina; Saccharomycetes; Saccharomycetales; Dipodascaceae; Galactomyces
Eukaryota; Fungi; Dikarya; Basidiomycota; Agaricomycotina; Tremellomycetes; Cystofilobasidiales; Cystofilobasidiaceae; Cystofilobasidium
Eukaryota; Fungi; Dikarya; Ascomycota
Eukaryota; Fungi; Dikarya; Ascomycota; Saccharomycotina; Saccharomycetes; Saccharomycetales; Dipodascaceae; Galactomyces
Eukaryota; Fungi; Dikarya; Ascomycota
Eukaryota; Fungi; Dikarya; Ascomycota
Eukaryota; Fungi; Dikarya; Ascomycota
Eukaryota; Fungi; Dikarya; Ascomycota
Eukaryota; Fungi; Dikarya; Ascomycota; Saccharomycotina; Saccharomycetes; Saccharomycetales; Dipodascaceae; Galactomyces
Eukaryota; Fungi; Dikarya; Ascomycota; Saccharomycotina; Saccharomycetes; Saccharomycetales; Dipodascaceae; Galactomyces
Eukaryota; Fungi; Dikarya; Ascomycota; Saccharomycotina; Saccharomycetes; Saccharomycetales; Dipodascaceae; Galactomyces
Eukaryota; Fungi; Dikarya; Ascomycota
Eukaryota; Fungi; Dikarya; Ascomycota
Eukaryota; Fungi; Dikarya; Ascomycota
Eukaryota; Fungi; Dikarya; Ascomycota
Eukaryota; Fungi; Dikarya; Ascomycota
Eukaryota; Fungi; Dikarya; Ascomycota
Eukaryota; Fungi; Dikarya; Ascomycota; environmental samples
Eukaryota; environmental samples
Eukaryota; Fungi; Dikarya; Basidiomycota; Agaricomycotina; Tremellomycetes; Cystofilobasidiales; Cystofilobasidiaceae; Cystofilobasidium
Eukaryota; Fungi; Dikarya; Ascomycota
Eukaryota; Fungi; Dikarya; Ascomycota
Eukaryota; Fungi; Dikarya; Ascomycota; Saccharomycotina; Saccharomycetes; Saccharomycetales; Dipodascaceae; Galactomyces
Eukaryota; Fungi; Dikarya; Ascomycota
Eukaryota; environmental samples
Eukaryota; Fungi; Dikarya; Ascomycota
Eukaryota; Fungi; Dikarya; Ascomycota; Saccharomycotina; Saccharomycetes; Saccharomycetales; Dipodascaceae; Galactomyces
Eukaryota; Fungi; Dikarya; Ascomycota
Eukaryota; Fungi; Dikarya; Ascomycota; Saccharomycotina; Saccharomycetes; Saccharomycetales; Dipodascaceae; Galactomyces
Eukaryota; Fungi; Dikarya; Ascomycota
Eukaryota; Fungi; Dikarya; Ascomycota
Eukaryota; Fungi; Dikarya; Ascomycota
Eukaryota; Fungi; Dikarya; Ascomycota
Eukaryota; Fungi; Dikarya; Basidiomycota; Agaricomycotina; Tremellomycetes; Cystofilobasidiales; Cystofilobasidiaceae; Cystofilobasidium
Eukaryota; Fungi; Dikarya; Ascomycota
Eukaryota; Fungi; Dikarya; Ascomycota; Saccharomycotina; Saccharomycetes; Saccharomycetales; Dipodascaceae; Galactomyces
Eukaryota; Fungi; Dikarya; Ascomycota
Eukaryota; Fungi; Dikarya; Ascomycota
Eukaryota; Fungi; Dikarya; Basidiomycota; Agaricomycotina; Tremellomycetes; Cystofilobasidiales; Cystofilobasidiaceae; Cystofilobasidium
Eukaryota; Fungi; Dikarya; Ascomycota
Eukaryota; Fungi; Dikarya; Ascomycota
Eukaryota; Fungi; Dikarya; Ascomycota
Eukaryota; environmental samples
Eukaryota; Fungi; Dikarya; Ascomycota; Pezizomycotina; Leotiomycetes; mitosporic Leotiomycetes; Rhexocercosporidium
Eukaryota; Fungi; Dikarya; Ascomycota
Eukaryota; Fungi; Dikarya; Ascomycota; Saccharomycotina; Saccharomycetes; Saccharomycetales; Saccharomycetaceae; Pichia
Eukaryota; Fungi; Dikarya; Ascomycota
Eukaryota; Fungi; Dikarya; Ascomycota
Eukaryota; Fungi; Dikarya; Basidiomycota; Agaricomycotina; Tremellomycetes; Cystofilobasidiales; Cystofilobasidiaceae; Cystofilobasidium
Eukaryota; Fungi; Dikarya; Ascomycota; Saccharomycotina; Saccharomycetes; Saccharomycetales; Dipodascaceae; Galactomyces
Eukaryota; Fungi; Dikarya; Basidiomycota; Agaricomycotina; Tremellomycetes; Cystofilobasidiales; Cystofilobasidiaceae; Cystofilobasidium
Eukaryota; Fungi; Dikarya; Ascomycota
Eukaryota; Fungi; Dikarya; Ascomycota
Eukaryota; Fungi; Dikarya; Ascomycota
Eukaryota; Fungi; Dikarya; Ascomycota
Eukaryota; Fungi; Dikarya; Ascomycota; Saccharomycotina; Saccharomycetes; Saccharomycetales; Dipodascaceae; Galactomyces
Eukaryota; Fungi; Dikarya; Ascomycota
Eukaryota; Fungi; Dikarya; Ascomycota
Eukaryota; Fungi; Dikarya; Ascomycota
Eukaryota; Fungi; Dikarya; Ascomycota; Saccharomycotina; Saccharomycetes; Saccharomycetales; Dipodascaceae; Galactomyces
Eukaryota; Fungi; Dikarya; Ascomycota; Saccharomycotina; Saccharomycetes; Saccharomycetales; Dipodascaceae; Galactomyces
Eukaryota; Fungi; Dikarya; Ascomycota; Saccharomycotina; Saccharomycetes; Saccharomycetales; Dipodascaceae; Galactomyces
Eukaryota; Fungi; Dikarya; Ascomycota
Eukaryota; Fungi; Dikarya; Ascomycota; Pezizomycotina; Eurotiomycetes; Eurotiomycetidae; Eurotiales; Trichocomaceae; Eupenicillium
Eukaryota; Fungi; Dikarya; Ascomycota
Eukaryota; Fungi; Dikarya; Ascomycota
Eukaryota; Fungi; Dikarya; Ascomycota
Eukaryota; Fungi; Dikarya; Basidiomycota; Agaricomycotina; Tremellomycetes; Cystofilobasidiales; Cystofilobasidiaceae; Cystofilobasidium
Eukaryota; Fungi; Dikarya; Ascomycota
Eukaryota; Fungi; Dikarya; Ascomycota; environmental samples
Eukaryota; Fungi; Dikarya; Ascomycota
Eukaryota; Fungi; Dikarya; Basidiomycota; Agaricomycotina; Tremellomycetes; Cystofilobasidiales; Cystofilobasidiaceae; Cystofilobasidium
Eukaryota; Fungi; Dikarya; Ascomycota
Eukaryota; Fungi; Dikarya; Ascomycota; Saccharomycotina; Saccharomycetes; Saccharomycetales; Dipodascaceae; Galactomyces
Eukaryota; environmental samples
Eukaryota; Fungi; Dikarya; Ascomycota; Saccharomycotina; Saccharomycetes; Saccharomycetales; Dipodascaceae; Galactomyces
Eukaryota; Fungi; Dikarya; Ascomycota; Saccharomycotina; Saccharomycetes; Saccharomycetales; Dipodascaceae; Galactomyces
Eukaryota; Fungi; Dikarya; Ascomycota
Eukaryota; Fungi; Dikarya; Basidiomycota; environmental samples
Eukaryota; Fungi; environmental samples
Eukaryota; Fungi; Dikarya; Ascomycota; Saccharomycotina; Saccharomycetes; Saccharomycetales; Dipodascaceae; Galactomyces
Eukaryota; Fungi; Dikarya; Ascomycota; Saccharomycotina; Saccharomycetes; Saccharomycetales; Dipodascaceae; Galactomyces
Eukaryota; Fungi; Dikarya; Basidiomycota; Agaricomycotina; Tremellomycetes; Cystofilobasidiales; Cystofilobasidiaceae; Cystofilobasidium
Eukaryota; Fungi; Dikarya; Ascomycota
Eukaryota; Fungi; Dikarya; Ascomycota
Eukaryota; Fungi; Dikarya; Ascomycota; Saccharomycotina; Saccharomycetes; Saccharomycetales; Saccharomycetaceae; Pichia
Eukaryota; Alveolata; environmental samples
